

Microchip Technology PIC LITE Macro Assembler V1.36 build -262312587 
                                                                                               Fri Mar 06 21:38:56 2026

Microchip Technology Omniscient Code Generator v1.36 (Free mode) build 201601150325
     1                           	processor	16F887
     2                           	opt	pw 120
     3                           	opt	lm
     4                           	psect	cinit,global,class=CODE,merge=1,delta=2
     5                           	psect	cstackCOMMON,global,class=COMMON,space=1,delta=1
     6                           	psect	maintext,global,class=CODE,split=1,delta=2
     7                           	dabs	1,0x7E,2
     8  0000                     	;# 
     9  0001                     	;# 
    10  0002                     	;# 
    11  0003                     	;# 
    12  0004                     	;# 
    13  0005                     	;# 
    14  0006                     	;# 
    15  0007                     	;# 
    16  0008                     	;# 
    17  0009                     	;# 
    18  000A                     	;# 
    19  000B                     	;# 
    20  000C                     	;# 
    21  000D                     	;# 
    22  000E                     	;# 
    23  000E                     	;# 
    24  000F                     	;# 
    25  0010                     	;# 
    26  0011                     	;# 
    27  0012                     	;# 
    28  0013                     	;# 
    29  0014                     	;# 
    30  0015                     	;# 
    31  0015                     	;# 
    32  0016                     	;# 
    33  0017                     	;# 
    34  0018                     	;# 
    35  0019                     	;# 
    36  001A                     	;# 
    37  001B                     	;# 
    38  001B                     	;# 
    39  001C                     	;# 
    40  001D                     	;# 
    41  001E                     	;# 
    42  001F                     	;# 
    43  0081                     	;# 
    44  0085                     	;# 
    45  0086                     	;# 
    46  0087                     	;# 
    47  0088                     	;# 
    48  0089                     	;# 
    49  008C                     	;# 
    50  008D                     	;# 
    51  008E                     	;# 
    52  008F                     	;# 
    53  0090                     	;# 
    54  0091                     	;# 
    55  0092                     	;# 
    56  0093                     	;# 
    57  0093                     	;# 
    58  0093                     	;# 
    59  0094                     	;# 
    60  0095                     	;# 
    61  0096                     	;# 
    62  0097                     	;# 
    63  0098                     	;# 
    64  0099                     	;# 
    65  009A                     	;# 
    66  009B                     	;# 
    67  009C                     	;# 
    68  009D                     	;# 
    69  009E                     	;# 
    70  009F                     	;# 
    71  0105                     	;# 
    72  0107                     	;# 
    73  0108                     	;# 
    74  0109                     	;# 
    75  010C                     	;# 
    76  010C                     	;# 
    77  010D                     	;# 
    78  010E                     	;# 
    79  010F                     	;# 
    80  0185                     	;# 
    81  0187                     	;# 
    82  0188                     	;# 
    83  0189                     	;# 
    84  018C                     	;# 
    85  018D                     	;# 
    86                           
    87                           	psect	cinit
    88  0000'                    start_initialization:	
    89                           ; #config settings
    90                           
    91  0000'                    __initialization:	
    92  0000'                    end_of_initialization:	
    93                           ;End of C runtime variable initialization code
    94                           
    95  0000'                    __end_of__initialization:	
    96  0000' 0183               	clrf	3
    97  0001' 120A' 118A' 2800'  	ljmp	_main	;jump to C main() function
    98                           
    99                           	psect	cstackCOMMON
   100  0000'                    __pcstackCOMMON:	
   101  0000'                    ?_main:	
   102  0000'                    ??_main:	
   103                           ; 1 bytes @ 0x0
   104                           
   105                           
   106                           	psect	maintext
   107  0000'                    __pmaintext:	
   108                           ; 1 bytes @ 0x0
   109 ;;
   110 ;;Main: autosize = 0, tempsize = 0, incstack = 0, save=0
   111 ;;
   112 ;; *************** function _main *****************
   113 ;; Defined at:
   114 ;;		line 11 in file "gpio.c"
   115 ;; Parameters:    Size  Location     Type
   116 ;;		None
   117 ;; Auto vars:     Size  Location     Type
   118 ;;		None
   119 ;; Return value:  Size  Location     Type
   120 ;;                  1    wreg      void 
   121 ;; Registers used:
   122 ;;		None
   123 ;; Tracked objects:
   124 ;;		On entry : B00/0
   125 ;;		On exit  : 0/0
   126 ;;		Unchanged: 0/0
   127 ;; Data sizes:     COMMON   BANK0   BANK1   BANK3   BANK2
   128 ;;      Params:         0       0       0       0       0
   129 ;;      Locals:         0       0       0       0       0
   130 ;;      Temps:          0       0       0       0       0
   131 ;;      Totals:         0       0       0       0       0
   132 ;;Total ram usage:        0 bytes
   133 ;; This function calls:
   134 ;;		Nothing
   135 ;; This function is called by:
   136 ;;		Startup code after reset
   137 ;; This function uses a non-reentrant model
   138 ;;
   139                           
   140                           
   141                           ;psect for function _main
   142  0000'                    _main:	
   143  0000'                    CBLOCK:	
   144                           ;incstack = 0
   145                           ; Regs used in _main: []
   146                           
   147  0000'                    COUNTER:	
   148  0000'                    ENDC:	
   149                           ;# 
   150                           
   151                           
   152                           ;# 
   153  0000' 1703               	bsf	3,6	;# 
   154  0001' 1683               	bsf	3,5	;# 
   155  0002' 1209               	bcf	393,4	;# 
   156  0003' 1303               	bcf	3,6	;# 
   157  0004' 1406               	bsf	134,0	;# 
   158  0005' 0188               	clrf	136	;# 
   159  0006' 1283               	bcf	3,5	;# 
   160  0007' 01A0               	clrf	32	;# 
   161  0008'                    LOOP:	
   162                           
   163                           ;# 
   164  0008' 1806               	btfsc	6,0	;# 
   165  0009' 2800'              	goto	INC_CNTR	;# 
   166  000A' 2800'              	goto	LOOP	;# 
   167  000B'                    INC_CNTR:	
   168                           
   169                           ;# 
   170  000B' 0088               	movwf	8	;# 
   171  000C'                    WAIT:	
   172                           
   173                           ;# 
   174  000C' 1C06               	btfss	6,0	;# 
   175  000D' 2800'              	goto	WAIT	;# 
   176  000E' 2800'              	goto	LOOP	;# 
   177                           
   178                           ;gpio.c: 43: return;
   179  000F' 120A' 118A' 2800'  	ljmp	start
   180  0012'                    __end_of_main:	
   181  007E                     btemp	set	126	;btemp
   182  007E                     wtemp	set	126
   183  007E                     wtemp0	set	126
   184  0080                     wtemp1	set	128
   185  0082                     wtemp2	set	130
   186  0084                     wtemp3	set	132
   187  0086                     wtemp4	set	134
   188  0088                     wtemp5	set	136
   189  007F                     wtemp6	set	127
   190  007E                     ttemp	set	126
   191  007E                     ttemp0	set	126
   192  0081                     ttemp1	set	129
   193  0084                     ttemp2	set	132
   194  0087                     ttemp3	set	135
   195  007F                     ttemp4	set	127
   196  007E                     ltemp	set	126
   197  007E                     ltemp0	set	126
   198  0082                     ltemp1	set	130
   199  0086                     ltemp2	set	134
   200  0080                     ltemp3	set	128


Data Sizes:
    Strings     0
    Constant    0
    Data        0
    BSS         0
    Persistent  0
    Stack       0

Auto Spaces:
    Space          Size  Autos    Used
    COMMON           14      0       0
    BANK0            80      0       0
    BANK1            80      0       0
    BANK3            96      0       0
    BANK2            96      0       0

Pointer List with Targets:

    None.

Critical Paths under _main in COMMON

    None.

Critical Paths under _main in BANK0

    None.

Critical Paths under _main in BANK1

    None.

Critical Paths under _main in BANK3

    None.

Critical Paths under _main in BANK2

    None.

Call Graph Tables:

 ---------------------------------------------------------------------------------
 (Depth) Function   	        Calls       Base Space   Used Autos Params    Refs
 ---------------------------------------------------------------------------------
 (0) _main                                                 0     0      0       0
 ---------------------------------------------------------------------------------
 Estimated maximum stack depth 0
 ---------------------------------------------------------------------------------

 Call Graph Graphs:

 _main (ROOT)

 Address spaces:
Name               Size   Autos  Total    Cost      Usage
BITCOMMON            E      0       0       0        0.0%
EEDATA             100      0       0       0        0.0%
NULL                 0      0       0       0        0.0%
CODE                 0      0       0       0        0.0%
COMMON               E      0       0       1        0.0%
BITSFR0              0      0       0       1        0.0%
SFR0                 0      0       0       1        0.0%
BITSFR1              0      0       0       2        0.0%
SFR1                 0      0       0       2        0.0%
STACK                0      0       0       2        0.0%
ABS                  0      0       0       3        0.0%
BITBANK0            50      0       0       4        0.0%
BITSFR3              0      0       0       4        0.0%
SFR3                 0      0       0       4        0.0%
BANK0               50      0       0       5        0.0%
BITSFR2              0      0       0       5        0.0%
SFR2                 0      0       0       5        0.0%
BITBANK1            50      0       0       6        0.0%
BANK1               50      0       0       7        0.0%
BITBANK3            60      0       0       8        0.0%
BANK3               60      0       0       9        0.0%
BITBANK2            60      0       0      10        0.0%
BANK2               60      0       0      11        0.0%
DATA                 0      0       0      12        0.0%


Microchip Technology PIC Macro Assembler V1.36 build -262312587 
Symbol Table                                                                                   Fri Mar 06 21:38:56 2026

                    ENDC 0000                      LOOP 0008                      WAIT 000C  
                   PORTB 0006                     PORTD 0008                     TRISB 0086  
                   TRISD 0088                     _main 0000                     btemp 007E  
                   ltemp 007E                     start 0000*                    ttemp 007E  
                   wtemp 007E                    CBLOCK 0000                    ANSELH 0189  
                  STATUS 0003                    ?_main 0000                    ltemp0 007E  
                  ltemp1 0082                    ltemp2 0086                    ltemp3 0080  
                  ttemp0 007E                    ttemp1 0081                    ttemp2 0084  
                  ttemp3 0087                    ttemp4 007F                    status 0003  
                  wtemp0 007E                    wtemp1 0080                    wtemp2 0082  
                  wtemp3 0084                    wtemp4 0086                    wtemp5 0088  
                  wtemp6 007F          __initialization 0000             __end_of_main 0012  
                 ??_main 0000                   COUNTER 0000  __end_of__initialization 0000  
         __pcstackCOMMON 0000                  INC_CNTR 000B               __pmaintext 0000  
   end_of_initialization 0000      start_initialization 0000                ___latbits 0002  
          __size_of_main 0012  
